>>> Warning 216 "Project_Dashboard_2020-2021.c" Line 115(0,1): Interrupts disabled during call to prevent re-entrancy:  (@WRITEBITA)
>>> Warning 202 "C:\Users\34615\Desktop\E-Tech\DASH_PROGRAMA\Programa-2020-2021\Iteraciones_probadas\CarState_0_21_3_6_9_12(1)_15-2.1\include\font_tahoma.h" Line 27(21,29): Variable never used:   Tahoma10
>>> Warning 202 "C:\Users\34615\Desktop\E-Tech\DASH_PROGRAMA\Programa-2020-2021\Iteraciones_probadas\CarState_0_21_3_6_9_12(1)_15-2.1\include\font_tahoma.h" Line 432(21,29): Variable never used:   Tahoma16
>>> Warning 202 "C:\Users\34615\Desktop\E-Tech\DASH_PROGRAMA\Programa-2020-2021\Iteraciones_probadas\CarState_0_21_3_6_9_12(1)_15-2.1\include\font_tahoma.h" Line 837(21,29): Variable never used:   Tahoma14
>>> Warning 202 "C:\Users\34615\Desktop\E-Tech\DASH_PROGRAMA\Programa-2020-2021\Iteraciones_probadas\CarState_0_21_3_6_9_12(1)_15-2.1\include\font_tahoma.h" Line 1242(21,29): Variable never used:   Tahoma12
>>> Warning 202 "C:\Users\34615\Desktop\E-Tech\DASH_PROGRAMA\Programa-2020-2021\Iteraciones_probadas\CarState_0_21_3_6_9_12(1)_15-2.1\include\font_tahoma.h" Line 1647(21,28): Variable never used:   Tahoma8
>>> Warning 202 "C:\Users\34615\Desktop\E-Tech\DASH_PROGRAMA\Programa-2020-2021\Iteraciones_probadas\CarState_0_21_3_6_9_12(1)_15-2.1\include\font_tahoma.h" Line 2457(21,29): Variable never used:   Tahoma32
>>> Warning 202 "C:\Users\34615\Desktop\E-Tech\DASH_PROGRAMA\Programa-2020-2021\Iteraciones_probadas\CarState_0_21_3_6_9_12(1)_15-2.1\include\font_tahoma.h" Line 2862(21,29): Variable never used:   Tahoma26
>>> Warning 202 "C:\Users\34615\Desktop\E-Tech\DASH_PROGRAMA\Programa-2020-2021\Iteraciones_probadas\CarState_0_21_3_6_9_12(1)_15-2.1\include\font_tahoma.h" Line 3267(21,29): Variable never used:   Tahoma22
>>> Warning 202 "C:\Users\34615\Desktop\E-Tech\DASH_PROGRAMA\Programa-2020-2021\Iteraciones_probadas\CarState_0_21_3_6_9_12(1)_15-2.1\include\variables.h" Line 63(6,31): Variable never used:   variable_VDC_seleccionada
>>> Warning 202 "C:\Users\34615\Desktop\E-Tech\DASH_PROGRAMA\Programa-2020-2021\Iteraciones_probadas\CarState_0_21_3_6_9_12(1)_15-2.1\include\variables.h" Line 64(6,17): Variable never used:   SKF_initial
>>> Warning 202 "C:\Users\34615\Desktop\E-Tech\DASH_PROGRAMA\Programa-2020-2021\Iteraciones_probadas\CarState_0_21_3_6_9_12(1)_15-2.1\include\variables.h" Line 64(21,32): Variable never used:   CKF_initial
>>> Warning 202 "C:\Users\34615\Desktop\E-Tech\DASH_PROGRAMA\Programa-2020-2021\Iteraciones_probadas\CarState_0_21_3_6_9_12(1)_15-2.1\include\variables.h" Line 64(36,49): Variable never used:   APPS_Sat_Down
>>> Warning 202 "C:\Users\34615\Desktop\E-Tech\DASH_PROGRAMA\Programa-2020-2021\Iteraciones_probadas\CarState_0_21_3_6_9_12(1)_15-2.1\include\variables.h" Line 64(53,64): Variable never used:   APPS_Sat_Up
>>> Warning 202 "C:\Users\34615\Desktop\E-Tech\DASH_PROGRAMA\Programa-2020-2021\Iteraciones_probadas\CarState_0_21_3_6_9_12(1)_15-2.1\include\variables.h" Line 64(68,87): Variable never used:   Regenerative_Torque
>>> Warning 202 "C:\Users\34615\Desktop\E-Tech\DASH_PROGRAMA\Programa-2020-2021\Iteraciones_probadas\CarState_0_21_3_6_9_12(1)_15-2.1\include\variables.h" Line 64(91,102): Variable never used:   Power_Limit
>>> Warning 202 "C:\Users\34615\Desktop\E-Tech\DASH_PROGRAMA\Programa-2020-2021\Iteraciones_probadas\CarState_0_21_3_6_9_12(1)_15-2.1\include\variables.h" Line 64(106,127): Variable never used:   Temperature_Reduction
>>> Warning 202 "C:\Users\34615\Desktop\E-Tech\DASH_PROGRAMA\Programa-2020-2021\Iteraciones_probadas\CarState_0_21_3_6_9_12(1)_15-2.1\include\variables.h" Line 64(131,146): Variable never used:   Power_Reduction
>>> Warning 202 "C:\Users\34615\Desktop\E-Tech\DASH_PROGRAMA\Programa-2020-2021\Iteraciones_probadas\CarState_0_21_3_6_9_12(1)_15-2.1\include\variables.h" Line 64(178,185): Variable never used:   SKF_cte
>>> Warning 202 "C:\Users\34615\Desktop\E-Tech\DASH_PROGRAMA\Programa-2020-2021\Iteraciones_probadas\CarState_0_21_3_6_9_12(1)_15-2.1\include\variables.h" Line 64(189,196): Variable never used:   CKF_cte
>>> Warning 202 "C:\Users\34615\Desktop\E-Tech\DASH_PROGRAMA\Programa-2020-2021\Iteraciones_probadas\CarState_0_21_3_6_9_12(1)_15-2.1\include\variables.h" Line 70(6,22): Variable never used:   send_Custom_Mode
>>> Warning 202 "C:\Users\34615\Desktop\E-Tech\DASH_PROGRAMA\Programa-2020-2021\Iteraciones_probadas\CarState_0_21_3_6_9_12(1)_15-2.1\include\variables.h" Line 71(6,18): Variable never used:   cursorCustom
>>> Warning 202 "C:\Users\34615\Desktop\E-Tech\DASH_PROGRAMA\Programa-2020-2021\Iteraciones_probadas\CarState_0_21_3_6_9_12(1)_15-2.1\include\variables.h" Line 107(6,25): Variable never used:   Button_VDC_position
>>> Warning 202 "C:\Users\34615\Desktop\E-Tech\DASH_PROGRAMA\Programa-2020-2021\Iteraciones_probadas\CarState_0_21_3_6_9_12(1)_15-2.1\include\variables.h" Line 108(6,8): Variable never used:   x3
>>> Warning 202 "C:\Users\34615\Desktop\E-Tech\DASH_PROGRAMA\Programa-2020-2021\Iteraciones_probadas\CarState_0_21_3_6_9_12(1)_15-2.1\include\variables.h" Line 109(6,8): Variable never used:   x2
>>> Warning 202 "C:\Users\34615\Desktop\E-Tech\DASH_PROGRAMA\Programa-2020-2021\Iteraciones_probadas\CarState_0_21_3_6_9_12(1)_15-2.1\include\variables.h" Line 110(6,8): Variable never used:   x1
>>> Warning 202 "C:\Users\34615\Desktop\E-Tech\DASH_PROGRAMA\Programa-2020-2021\Iteraciones_probadas\CarState_0_21_3_6_9_12(1)_15-2.1\include\variables.h" Line 112(6,7): Variable never used:   c
>>> Warning 202 "C:\Users\34615\Desktop\E-Tech\DASH_PROGRAMA\Programa-2020-2021\Iteraciones_probadas\CarState_0_21_3_6_9_12(1)_15-2.1\include\variables.h" Line 113(6,7): Variable never used:   d
>>> Warning 202 "C:\Users\34615\Desktop\E-Tech\DASH_PROGRAMA\Programa-2020-2021\Iteraciones_probadas\CarState_0_21_3_6_9_12(1)_15-2.1\include\variables.h" Line 114(6,7): Variable never used:   u
      Memory usage:   ROM=33%      RAM=72% - 79%
      0 Errors,  29 Warnings.
