Removed Pin From Net: NetName=+3.3 Pin=J4-1
Removed Pin From Net: NetName=+24 Pin=J4-3
Removed Pin From Net: NetName=+24 Pin=J4-5
Removed Pin From Net: NetName=+24 Pin=J4-7
Removed Pin From Net: NetName=+24 Pin=J4-9
Removed Pin From Net: NetName=PB8 Pin=J4-10
Removed Pin From Net: NetName=CS_LCD Pin=J4-12
Removed Pin From Net: NetName=RST_LCD Pin=J4-14
Removed Pin From Net: NetName=SI_LCD Pin=J4-16
Removed Pin From Net: NetName=A0_LCD Pin=J4-18
Removed Pin From Net: NetName=PD3 Pin=J4-19
Removed Pin From Net: NetName=CLK_LCD Pin=J4-20
Removed Pin From Net: NetName=PD2 Pin=J4-21
Removed Pin From Net: NetName=+5 Pin=J4-23
Removed Pin From Net: NetName=+5 Pin=J4-25
Removed Pin From Net: NetName=+5 Pin=J4-27
Added Pin To Net: NetName=+5 Pin=J4-1
Added Pin To Net: NetName=+5 Pin=J4-3
Added Pin To Net: NetName=+5 Pin=J4-5
Added Pin To Net: NetName=PD2 Pin=J4-7
Added Pin To Net: NetName=PD3 Pin=J4-9
Added Pin To Net: NetName=CLK_LCD Pin=J4-10
Added Pin To Net: NetName=A0_LCD Pin=J4-12
Added Pin To Net: NetName=SI_LCD Pin=J4-14
Added Pin To Net: NetName=RST_LCD Pin=J4-16
Added Pin To Net: NetName=CS_LCD Pin=J4-18
Added Pin To Net: NetName=+24 Pin=J4-19
Added Pin To Net: NetName=PB8 Pin=J4-20
Added Pin To Net: NetName=+24 Pin=J4-21
Added Pin To Net: NetName=+24 Pin=J4-23
Added Pin To Net: NetName=+24 Pin=J4-25
Added Pin To Net: NetName=+3.3 Pin=J4-27
Change Net Name : Old Net Name=PA15 New Net Name=PE3
Change Net Name : Old Net Name=PB9 New Net Name=PC12
Change Net Name : Old Net Name=PC10 New Net Name=PE1
Change Net Name : Old Net Name=PC11 New Net Name=PE0
Change Net Name : Old Net Name=PC12 New Net Name=PB9
Change Net Name : Old Net Name=PD4 New Net Name=PD7
Change Net Name : Old Net Name=PD5 New Net Name=PD6
Change Net Name : Old Net Name=PD6 New Net Name=PD5
Change Net Name : Old Net Name=PD7 New Net Name=PD4
Change Net Name : Old Net Name=PE0 New Net Name=PC11
Change Net Name : Old Net Name=PE1 New Net Name=PC10
Change Net Name : Old Net Name=PE3 New Net Name=PA15
Add Net: Net with name "LED_RED_2" already exists
