Remove Pin from Net: Failed to remove Pin
Removed Pin From Net: NetName=+3.3 Pin=J3-2
Removed Pin From Net: NetName=PA8 Pin=J3-3
Removed Pin From Net: NetName=+24 Pin=J3-4
Removed Pin From Net: NetName=PC9 Pin=J3-5
Removed Pin From Net: NetName=+24 Pin=J3-6
Removed Pin From Net: NetName=PC8 Pin=J3-7
Removed Pin From Net: NetName=+24 Pin=J3-8
Removed Pin From Net: NetName=PC7 Pin=J3-9
Removed Pin From Net: NetName=+24 Pin=J3-10
Removed Pin From Net: NetName=PC6 Pin=J3-11
Removed Pin From Net: NetName=+24 Pin=J3-12
Removed Pin From Net: NetName=PD15 Pin=J3-13
Removed Pin From Net: NetName=PD14 Pin=J3-15
Removed Pin From Net: NetName=GND Pin=J3-24
Added Pin To Net: NetName=+3.3 Pin=J3-1
Added Pin To Net: NetName=+24 Pin=J3-3
Added Pin To Net: NetName=+24 Pin=J3-5
Added Pin To Net: NetName=+24 Pin=J3-7
Added Pin To Net: NetName=+24 Pin=J3-9
Added Pin To Net: NetName=+24 Pin=J3-11
Added Pin To Net: NetName=PD14 Pin=J3-14
Added Pin To Net: NetName=PD15 Pin=J3-16
Added Pin To Net: NetName=PC6 Pin=J3-18
Added Pin To Net: NetName=PC7 Pin=J3-20
Added Pin To Net: NetName=PC8 Pin=J3-22
Added Pin To Net: NetName=GND Pin=J3-23
Added Pin To Net: NetName=PC9 Pin=J3-24
Added Pin To Net: NetName=PA8 Pin=J3-26
Added Pin To Net: NetName=LED_GREEN_1 Pin=Q203-G
Added Pin To Net: NetName=LED_GREEN_1 Pin=R212-1
Add Net: Net with name "LED_GREEN_1" already exists
Add Net: Net with name "LED_RED_2" already exists
