Removed Pin From Net: NetName=+3.3 Pin=J2-2
Removed Pin From Net: NetName=LED_RED_1 Pin=J2-9
Removed Pin From Net: NetName=LED_RED_3 Pin=J2-13
Removed Pin From Net: NetName=LED_YELLOW_1 Pin=J2-15
Removed Pin From Net: NetName=PC4 Pin=J2-16
Removed Pin From Net: NetName=LED_YELLOW_2 Pin=J2-17
Removed Pin From Net: NetName=PC5 Pin=J2-18
Removed Pin From Net: NetName=LED_YELLOW_3 Pin=J2-19
Remove Pin from Net: Failed to remove Pin
Removed Pin From Net: NetName=LED_GREEN_2 Pin=J2-23
Removed Pin From Net: NetName=LED_GREEN_3 Pin=J2-25
Removed Pin From Net: NetName=PB11 Pin=J2-27
Removed Pin From Net: NetName=GND Pin=J2-28
Removed Pin From Net: NetName=+3.3 Pin=J3-1
Removed Pin From Net: NetName=+24 Pin=J3-3
Removed Pin From Net: NetName=PA8 Pin=J3-4
Removed Pin From Net: NetName=+24 Pin=J3-5
Removed Pin From Net: NetName=PC9 Pin=J3-6
Removed Pin From Net: NetName=+24 Pin=J3-7
Removed Pin From Net: NetName=PC8 Pin=J3-8
Removed Pin From Net: NetName=+24 Pin=J3-9
Removed Pin From Net: NetName=PC7 Pin=J3-10
Removed Pin From Net: NetName=+24 Pin=J3-11
Removed Pin From Net: NetName=PC6 Pin=J3-12
Removed Pin From Net: NetName=PD15 Pin=J3-14
Removed Pin From Net: NetName=PD14 Pin=J3-16
Removed Pin From Net: NetName=GND Pin=J3-23
Added Pin To Net: NetName=+3.3 Pin=J2-1
Added Pin To Net: NetName=LED_RED_1 Pin=J2-10
Added Pin To Net: NetName=LED_RED_3 Pin=J2-14
Added Pin To Net: NetName=PC4 Pin=J2-15
Added Pin To Net: NetName=LED_YELLOW_1 Pin=J2-16
Added Pin To Net: NetName=PC5 Pin=J2-17
Added Pin To Net: NetName=LED_YELLOW_2 Pin=J2-18
Added Pin To Net: NetName=LED_YELLOW_3 Pin=J2-20
Added Pin To Net: NetName=LED_GREEN_1 Pin=J2-22
Added Pin To Net: NetName=LED_GREEN_2 Pin=J2-24
Added Pin To Net: NetName=LED_GREEN_3 Pin=J2-26
Added Pin To Net: NetName=GND Pin=J2-27
Added Pin To Net: NetName=PB11 Pin=J2-28
Added Pin To Net: NetName=+3.3 Pin=J3-2
Added Pin To Net: NetName=PA8 Pin=J3-3
Added Pin To Net: NetName=+24 Pin=J3-4
Added Pin To Net: NetName=PC9 Pin=J3-5
Added Pin To Net: NetName=+24 Pin=J3-6
Added Pin To Net: NetName=PC8 Pin=J3-7
Added Pin To Net: NetName=+24 Pin=J3-8
Added Pin To Net: NetName=PC7 Pin=J3-9
Added Pin To Net: NetName=+24 Pin=J3-10
Added Pin To Net: NetName=PC6 Pin=J3-11
Added Pin To Net: NetName=+24 Pin=J3-12
Added Pin To Net: NetName=PD15 Pin=J3-13
Added Pin To Net: NetName=PD14 Pin=J3-15
Added Pin To Net: NetName=GND Pin=J3-24
Add Net: Net with name "LED_RED_2" already exists
