Add Pin To Net: Unknown Pin: Pin D201-A
Add Pin To Net: Unknown Pin: Pin D201-K
Add Pin To Net: Unknown Pin: Pin D202-A
Add Pin To Net: Unknown Pin: Pin D202-K
Add Pin To Net: Unknown Pin: Pin D203-A
Add Pin To Net: Unknown Pin: Pin D203-K
Add Pin To Net: Unknown Pin: Pin D204-A
Add Pin To Net: Unknown Pin: Pin D204-K
Add Pin To Net: Unknown Pin: Pin D205-A
Add Pin To Net: Unknown Pin: Pin D205-K
Add Pin To Net: Unknown Pin: Pin D206-A
Add Pin To Net: Unknown Pin: Pin D206-K
Add Pin To Net: Unknown Pin: Pin D207-A
Add Pin To Net: Unknown Pin: Pin D207-K
Add Pin To Net: Unknown Pin: Pin D208-A
Add Pin To Net: Unknown Pin: Pin D208-K
Add Pin To Net: Unknown Pin: Pin D209-A
Add Pin To Net: Unknown Pin: Pin D209-K
Added Member To Class: ClassName=Bargraph Member=Component D201 150080GS75000
Added Member To Class: ClassName=Bargraph Member=Component D202 150080GS75000
Added Member To Class: ClassName=Bargraph Member=Component D203 150080GS75000
Added Member To Class: ClassName=Bargraph Member=Component D204 150080YS75000
Added Member To Class: ClassName=Bargraph Member=Component D205 150080YS75000
Added Member To Class: ClassName=Bargraph Member=Component D206 150080YS75000
Added Member To Class: ClassName=Bargraph Member=Component D207 150080RS75000
Added Member To Class: ClassName=Bargraph Member=Component D208 150080RS75000
Added Member To Class: ClassName=Bargraph Member=Component D209 150080RS75000
Added Member To Class: ClassName=Bargraph Member=Component Q209 CPH3455-TL-H
Added Member To Class: ClassName=Bargraph Member=Component R210 CR0805-JW-103ELF
Added Member To Class: ClassName=Bargraph Member=Component R211 CR0805-JW-103ELF
Added Member To Class: ClassName=Bargraph Member=Component R212 CR0805-JW-103ELF
