Removed Pin From Net: NetName=IMD_LED Pin=J1-1
Removed Pin From Net: NetName=BUZZER_CONTROL Pin=J1-2
Removed Pin From Net: NetName=AMS_LED Pin=J1-3
Removed Pin From Net: NetName=PA4 Pin=J1-4
Removed Pin From Net: NetName=PA0 Pin=J1-12
Removed Pin From Net: NetName=PC3 Pin=J1-14
Removed Pin From Net: NetName=PC2 Pin=J1-16
Removed Pin From Net: NetName=OK_BUTTON Pin=J1-22
Removed Pin From Net: NetName=LEFT_BUTTON Pin=J1-24
Removed Pin From Net: NetName=UP_BUTTON Pin=J1-26
Removed Pin From Net: NetName=PE2 Pin=J1-28
Added Pin To Net: NetName=BUZZER_CONTROL Pin=J1-1
Added Pin To Net: NetName=IMD_LED Pin=J1-2
Added Pin To Net: NetName=PA4 Pin=J1-3
Added Pin To Net: NetName=AMS_LED Pin=J1-4
Added Pin To Net: NetName=PA0 Pin=J1-11
Added Pin To Net: NetName=PC3 Pin=J1-13
Added Pin To Net: NetName=PC2 Pin=J1-15
Added Pin To Net: NetName=OK_BUTTON Pin=J1-21
Added Pin To Net: NetName=LEFT_BUTTON Pin=J1-23
Added Pin To Net: NetName=UP_BUTTON Pin=J1-25
Added Pin To Net: NetName=PE2 Pin=J1-27
Change Net Name : Old Net Name=PA1 New Net Name=VSSA
Change Net Name : Old Net Name=PA2 New Net Name=VREFA
Change Net Name : Old Net Name=PA3 New Net Name=VDDA
Change Net Name : Old Net Name=VDDA New Net Name=PA3
Change Net Name : Old Net Name=VREFA New Net Name=PA2
Change Net Name : Old Net Name=VSSA New Net Name=PA1
Add Net: Net with name "DOWN_BUTTON" already exists
Add Net: Net with name "LED_GREEN_1" already exists
Add Net: Net with name "LED_RED_2" already exists
Add Net: Net with name "RIGHT_BUTTON" already exists
